slurmstepd: error: *** STEP 3.9 ON compute-dy-c6i16-1 CANCELLED AT 2026-01-14T20:16:45 DUE TO TIME LIMIT ***
slurmstepd: error: *** JOB 3 ON compute-dy-c6i16-1 CANCELLED AT 2026-01-14T20:16:45 DUE TO TIME LIMIT ***
srun: Job step aborted: Waiting up to 32 seconds for job step to finish.
